Removed Pin From Net: NetName=NetC17_1 Pin=D5-1
Removed Pin From Net: NetName=NetBR1_1 Pin=D5-2
Added Component: Designator=C6(CAPALUM47U)
Added Component: Designator=C7(CAP0603)
Added Component: Designator=C8(CAP1206)
Added Component: Designator=C9(CAP0603)
Added Component: Designator=C10(CAP0603)
Added Component: Designator=C11(CAP0603)
Added Component: Designator=C12(CAP0603)
Added Component: Designator=C13(CAP0805)
Added Component: Designator=C14(CAP0603)
Added Component: Designator=C15(CAP0603)
Added Component: Designator=C16(CAP0603)
Added Component: Designator=D1(Mini2-F3-B)
Added Component: Designator=D2(ONSC-SMA-2-403D-02_F_V)
Added Component: Designator=D3(ONSC-SMB-2-403A-03_H_V)
Added Component: Designator=D4(Mini2-F3-B)
Added Component: Designator=D6(C3D04060A)
Added Component: Designator=J1(JUMPER)
Added Component: Designator=J2(JUMPER)
Added Component: Designator=J3(JUMPER)
Added Component: Designator=J4(JUMPER)
Added Component: Designator=J5(JUMPER)
Added Component: Designator=J6(JUMPER)
Added Component: Designator=R1(RES0603)
Added Component: Designator=R2(RES0805)
Added Component: Designator=R3(RES0805)
Added Component: Designator=R4(RES0805)
Added Component: Designator=R5(CAP0603)
Added Component: Designator=R6(RES0603)
Added Component: Designator=R7(RES0603)
Added Component: Designator=R8(RES0603)
Added Component: Designator=R9(RES0805)
Added Component: Designator=R10(RES0805)
Added Component: Designator=R11(RES0603)
Added Component: Designator=R12(RES2512)
Added Component: Designator=R13(RES1210)
Added Component: Designator=R14(RES0603)
Added Component: Designator=R15(RES2512)
Added Component: Designator=R16(RES1206)
Added Component: Designator=TP3(Test Point)
Added Component: Designator=TP9(Test Point)
Added Component: Designator=TP10(Test Point)
Added Component: Designator=TP11(Test Point)
Added Component: Designator=TP12(Test Point)
Added Component: Designator=TP13(Test Point)
Added Component: Designator=TP14(Test Point)
Added Component: Designator=TP15(Test Point)
Added Component: Designator=TP18(Test Point)
Added Component: Designator=TP19(Test Point)
Added Component: Designator=TP20(Test Point)
Added Component: Designator=U1(SOP127P600X175-8N)
Added Component: Designator=U2(SOP6)
Change Class Name : Old Net Name=UCC 28180-1 (1) New Net Name=UCC 28180-1-V02
Change Class Name : Old Net Name=UCC28180-2 New Net Name=UCC28180-2-V02
Change Class Name : Old Net Name=UCC28180-3 New Net Name=UCC28180-3-V02
Added Room: Name=UCC 28180-1-V02
Added Room: Name=UCC28180-2-V02
Added Room: Name=UCC28180-3-V02
