Removed Pin From Net: NetName=GND Pin=C17-1
Removed Pin From Net: NetName=GND Pin=C17-2
Removed Pin From Net: NetName=GND Pin=C18-1
Removed Pin From Net: NetName=GND Pin=C18-2
Removed Pin From Net: NetName=GND Pin=C19-1
Removed Pin From Net: NetName=GND Pin=C19-2
Removed Pin From Net: NetName=GND Pin=C20-1
Removed Pin From Net: NetName=GND Pin=C20-2
Removed Pin From Net: NetName=GND Pin=C21-2
Removed Pin From Net: NetName=GND Pin=CN3-1
Removed Pin From Net: NetName=GND Pin=D5-2
Removed Pin From Net: NetName=GND Pin=D6-1
Removed Pin From Net: NetName=GND Pin=Q1-3
Removed Pin From Net: NetName=GND Pin=R14-2
Removed Pin From Net: NetName=GND Pin=R15-1
Removed Pin From Net: NetName=GND Pin=R16-1
Removed Pin From Net: NetName=GND Pin=TP19-1
Removed Pin From Net: NetName=GND Pin=VOUT+-1
Added Pin To Net: NetName=NetC17_1 Pin=C17-1
Added Pin To Net: NetName=NetC17_1 Pin=C18-1
Added Pin To Net: NetName=NetC17_1 Pin=C19-2
Added Pin To Net: NetName=NetC17_1 Pin=C20-1
Added Pin To Net: NetName=NetC17_1 Pin=C21-2
Added Pin To Net: NetName=NetC17_1 Pin=CN3-1
Added Pin To Net: NetName=NetC17_1 Pin=D5-2
Added Pin To Net: NetName=NetC17_1 Pin=D6-1
Added Pin To Net: NetName=NetC17_1 Pin=R16-1
Added Pin To Net: NetName=NetC17_1 Pin=VOUT+-1
Added Pin To Net: NetName=NetC17_1 Pin=TP19-1
Added Net: Name=NetC17_1
Added Pin To Net: NetName=NetC17_2 Pin=C17-2
Added Pin To Net: NetName=NetC17_2 Pin=C18-2
Added Pin To Net: NetName=NetC17_2 Pin=C19-1
Added Pin To Net: NetName=NetC17_2 Pin=C20-2
Added Pin To Net: NetName=NetC17_2 Pin=Q1-3
Added Pin To Net: NetName=NetC17_2 Pin=R14-2
Added Pin To Net: NetName=NetC17_2 Pin=R15-1
Added Net: Name=NetC17_2
Added Room: Name=UCC 28180-1-V02
Added Room: Name=UCC28180-2-V02
Added Room: Name=UCC28180-3-V02
